Tue May 24 16:57:07 CEST 2016 : Server di rete Apache Derby: 10.11.1.2 - (1629631) avviato e pronto ad accettare connessioni sulla porta 1527
----------------------------------------------------------------
Tue May 24 16:57:08 CEST 2016:
Avvio della versione di Derby The Apache Software Foundation - Apache Derby - 10.11.1.2 - (1629631): istanza a816c00e-0154-e344-f2c2-00003bbcfa78
sulla directory di database /home/alberto/NetBeansProjects/AMM_GruppoB/AmmM1/web/WEB-INF/db/ammdb con caricatore classi sun.misc.Launcher$AppClassLoader@1d44bcfa 
Caricato da file:/usr/lib/jvm/java-8-oracle/db/lib/derby.jar
java.vendor=Oracle Corporation
java.runtime.version=1.8.0_91-b14
user.dir=/usr/lib/jvm/java-8-oracle/db
os.name=Linux
os.arch=amd64
os.version=4.4.0-22-generic
derby.system.home=/home/alberto/NetBeansProjects/AMM_GruppoB/AmmM1/web/WEB-INF/db
Programma di caricamento classe database avviato - derby.database.classpath=''
----------------------------------------------------------------
Tue May 24 16:57:19 CEST 2016:
Arresto dell'istanza a816c00e-0154-e344-f2c2-00003bbcfa78 nella directory del database /home/alberto/NetBeansProjects/AMM_GruppoB/AmmM1/web/WEB-INF/db/ammdb con il caricatore di classi sun.misc.Launcher$AppClassLoader@1d44bcfa 
Tue May 24 16:57:19 CEST 2016 Thread[DRDAConnThread_3,5,main] (DATABASE = ammdb), (DRDAID = {2}), Chiusura del database 'ammdb'.
----------------------------------------------------------------
Tue May 24 16:57:31 CEST 2016:
Avvio della versione di Derby The Apache Software Foundation - Apache Derby - 10.11.1.2 - (1629631): istanza a65c80ac-0154-e344-f2c2-00003bbcfa78
sulla directory di database /home/alberto/NetBeansProjects/AMM_GruppoB/AmmM1/web/WEB-INF/db/ammdb con caricatore classi sun.misc.Launcher$AppClassLoader@1d44bcfa 
Caricato da file:/usr/lib/jvm/java-8-oracle/db/lib/derby.jar
java.vendor=Oracle Corporation
java.runtime.version=1.8.0_91-b14
user.dir=/usr/lib/jvm/java-8-oracle/db
os.name=Linux
os.arch=amd64
os.version=4.4.0-22-generic
derby.system.home=/home/alberto/NetBeansProjects/AMM_GruppoB/AmmM1/web/WEB-INF/db
Programma di caricamento classe database avviato - derby.database.classpath=''
